This is pdfTeX, Version 3.14159265-2.6-1.40.20 (TeX Live 2019/Debian) (preloaded format=pdflatex 2023.9.26)  13 OCT 2023 16:33
entering extended mode
 restricted \write18 enabled.
 %&-line parsing enabled.
**TFGTeXiS
(./TFGTeXiS.tex
LaTeX2e <2020-02-02> patch level 2
L3 programming layer <2020-02-14>
(/usr/share/texlive/texmf-dist/tex/latex/base/book.cls
Document Class: book 2019/12/20 v1.4l Standard LaTeX document class
(/usr/share/texlive/texmf-dist/tex/latex/base/bk12.clo
File: bk12.clo 2019/12/20 v1.4l Standard LaTeX file (size option)
)
\c@part=\count167
\c@chapter=\count168
\c@section=\count169
\c@subsection=\count170
\c@subsubsection=\count171
\c@paragraph=\count172
\c@subparagraph=\count173
\c@figure=\count174
\c@table=\count175
\abovecaptionskip=\skip47
\belowcaptionskip=\skip48
\bibindent=\dimen134
)
\@input{config.aux}
\openout2 = `config.aux'.

(./config.tex) (./TeXiS/TeXiS.sty

LaTeX Warning: You have requested package `./TeXiS/TeXiS',
               but the package provides `TeXiS/TeXiS'.

Package: TeXiS/TeXiS 
(/usr/share/texlive/texmf-dist/tex/latex/tools/verbatim.sty
Package: verbatim 2019/11/10 v1.5r LaTeX2e package for verbatim enhancements
\every@verbatim=\toks14
\verbatim@line=\toks15
\verbatim@in@stream=\read2
)
\example@out=\write3

\@input{TeXiS/TeXiS_pream.aux}
\openout2 = `TeXiS/TeXiS_pream.aux'.

(./TeXiS/TeXiS_pream.tex
(/usr/share/texlive/texmf-dist/tex/latex/base/shortvrb.sty
Package: shortvrb 2019/12/16 v2.1l Standard LaTeX documentation package (FMi)
)
(/usr/share/texlive/texmf-dist/tex/latex/base/inputenc.sty
Package: inputenc 2018/08/11 v1.3c Input encoding file
\inpenc@prehook=\toks16
\inpenc@posthook=\toks17
)
(/usr/share/texlive/texmf-dist/tex/latex/natbib/natbib.sty
Package: natbib 2010/09/13 8.31b (PWD, AO)
\bibhang=\skip49
\bibsep=\skip50
LaTeX Info: Redefining \cite on input line 694.
\c@NAT@ctr=\count176
)
(/usr/share/texlive/texmf-dist/tex/generic/babel/babel.sty
Package: babel 2020/02/14 3.40 The Babel package

(/usr/share/texlive/texmf-dist/tex/generic/babel/switch.def
File: switch.def 2020/02/14 3.40 Babel switching mechanism
)
(/usr/share/texlive/texmf-dist/tex/generic/babel-english/english.ldf
Language: english 2017/06/06 v3.3r English support from the babel system

(/usr/share/texlive/texmf-dist/tex/generic/babel/babel.def
File: babel.def 2020/02/14 3.40 Babel common definitions
\babel@savecnt=\count177
\U@D=\dimen135

(/usr/share/texlive/texmf-dist/tex/generic/babel/txtbabel.def)
\bbl@readstream=\read3
\bbl@dirlevel=\count178
)
Package babel Info: \l@canadian = using hyphenrules for english
(babel)             (\language0) on input line 102.
Package babel Info: \l@australian = using hyphenrules for ukenglish
(babel)             (\language17) on input line 105.
Package babel Info: \l@newzealand = using hyphenrules for ukenglish
(babel)             (\language17) on input line 108.
)
(/usr/share/texlive/texmf-dist/tex/generic/babel-spanish/spanish.ldf
Language: spanish.ldf 2016/03/03 v5.0p Spanish support from the babel system
\es@quottoks=\toks18
\es@quotdepth=\count179
Package babel Info: Making " an active character on input line 561.
Package babel Info: Making . an active character on input line 662.
Package babel Info: Making < an active character on input line 707.
Package babel Info: Making > an active character on input line 707.
Package babel Info: Making ' an active character on input line 725.
))
(/usr/share/texlive/texmf-dist/tex/latex/url/url.sty
\Urlmuskip=\muskip16
Package: url 2013/09/16  ver 3.4  Verb mode for urls, etc.
)
(/usr/share/texlive/texmf-dist/tex/generic/iftex/ifpdf.sty
Package: ifpdf 2019/10/25 v3.4 ifpdf legacy package. Use iftex instead.

(/usr/share/texlive/texmf-dist/tex/generic/iftex/iftex.sty
Package: iftex 2019/11/07 v1.0c TeX engine tests
))
(/usr/share/texlive/texmf-dist/tex/latex/fncychap/fncychap.sty
Package: fncychap 2007/07/30 v1.34 LaTeX package (Revised chapters)
\RW=\skip51
\mylen=\skip52
\myhi=\skip53
\px=\skip54
\py=\skip55
\pyy=\skip56
\pxx=\skip57
)
(/usr/share/texlive/texmf-dist/tex/latex/hyperref/hyperref.sty
Package: hyperref 2020/01/14 v7.00d Hypertext links for LaTeX

(/usr/share/texlive/texmf-dist/tex/generic/ltxcmds/ltxcmds.sty
Package: ltxcmds 2019/12/15 v1.24 LaTeX kernel commands for general use (HO)
)
(/usr/share/texlive/texmf-dist/tex/latex/pdftexcmds/pdftexcmds.sty
Package: pdftexcmds 2019/11/24 v0.31 Utility functions of pdfTeX for LuaTeX (HO
)

(/usr/share/texlive/texmf-dist/tex/generic/infwarerr/infwarerr.sty
Package: infwarerr 2019/12/03 v1.5 Providing info/warning/error messages (HO)
)
Package pdftexcmds Info: \pdf@primitive is available.
Package pdftexcmds Info: \pdf@ifprimitive is available.
Package pdftexcmds Info: \pdfdraftmode found.
)
(/usr/share/texlive/texmf-dist/tex/latex/graphics/keyval.sty
Package: keyval 2014/10/28 v1.15 key=value parser (DPC)
\KV@toks@=\toks19
)
(/usr/share/texlive/texmf-dist/tex/generic/kvsetkeys/kvsetkeys.sty
Package: kvsetkeys 2019/12/15 v1.18 Key value parser (HO)
)
(/usr/share/texlive/texmf-dist/tex/generic/kvdefinekeys/kvdefinekeys.sty
Package: kvdefinekeys 2019-12-19 v1.6 Define keys (HO)
)
(/usr/share/texlive/texmf-dist/tex/generic/pdfescape/pdfescape.sty
Package: pdfescape 2019/12/09 v1.15 Implements pdfTeX's escape features (HO)
)
(/usr/share/texlive/texmf-dist/tex/latex/hycolor/hycolor.sty
Package: hycolor 2020-01-27 v1.10 Color options for hyperref/bookmark (HO)
)
(/usr/share/texlive/texmf-dist/tex/latex/letltxmacro/letltxmacro.sty
Package: letltxmacro 2019/12/03 v1.6 Let assignment for LaTeX macros (HO)
)
(/usr/share/texlive/texmf-dist/tex/latex/auxhook/auxhook.sty
Package: auxhook 2019-12-17 v1.6 Hooks for auxiliary files (HO)
)
(/usr/share/texlive/texmf-dist/tex/latex/kvoptions/kvoptions.sty
Package: kvoptions 2019/11/29 v3.13 Key value format for package options (HO)
)
\@linkdim=\dimen136
\Hy@linkcounter=\count180
\Hy@pagecounter=\count181

(/usr/share/texlive/texmf-dist/tex/latex/hyperref/pd1enc.def
File: pd1enc.def 2020/01/14 v7.00d Hyperref: PDFDocEncoding definition (HO)
Now handling font encoding PD1 ...
... no UTF-8 mapping file for font encoding PD1
)
(/usr/share/texlive/texmf-dist/tex/generic/intcalc/intcalc.sty
Package: intcalc 2019/12/15 v1.3 Expandable calculations with integers (HO)
)
(/usr/share/texlive/texmf-dist/tex/generic/etexcmds/etexcmds.sty
Package: etexcmds 2019/12/15 v1.7 Avoid name clashes with e-TeX commands (HO)
)
\Hy@SavedSpaceFactor=\count182
\pdfmajorversion=\count183


Package hyperref Warning: Invalid value `0'
(hyperref)                for option `pdfborder'.
(hyperref)                Option setting is ignored on input line 4421.

Package hyperref Info: Option `hyperindex' set `true' on input line 4421.
Package hyperref Info: Option `pdfpagelabels' set `true' on input line 4421.
Package hyperref Info: Option `hypertexnames' set `false' on input line 4421.
Package hyperref Info: Hyper figures OFF on input line 4547.
Package hyperref Info: Link nesting OFF on input line 4552.
Package hyperref Info: Hyper index ON on input line 4555.
Package hyperref Info: Plain pages OFF on input line 4562.
Package hyperref Info: Backreferencing OFF on input line 4567.
Package hyperref Info: Implicit mode ON; LaTeX internals redefined.
Package hyperref Info: Bookmarks ON on input line 4800.
\c@Hy@tempcnt=\count184
LaTeX Info: Redefining \url on input line 5159.
\XeTeXLinkMargin=\dimen137
(/usr/share/texlive/texmf-dist/tex/generic/bitset/bitset.sty
Package: bitset 2019/12/09 v1.3 Handle bit-vector datatype (HO)

(/usr/share/texlive/texmf-dist/tex/generic/bigintcalc/bigintcalc.sty
Package: bigintcalc 2019/12/15 v1.5 Expandable calculations on big integers (HO
)
))
\Fld@menulength=\count185
\Field@Width=\dimen138
\Fld@charsize=\dimen139
Package hyperref Info: Hyper figures OFF on input line 6430.
Package hyperref Info: Link nesting OFF on input line 6435.
Package hyperref Info: Hyper index ON on input line 6438.
Package hyperref Info: backreferencing OFF on input line 6445.
Package hyperref Info: Link coloring OFF on input line 6450.
Package hyperref Info: Link coloring with OCG OFF on input line 6455.
Package hyperref Info: PDF/A mode OFF on input line 6460.
LaTeX Info: Redefining \ref on input line 6500.
LaTeX Info: Redefining \pageref on input line 6504.

(/usr/share/texlive/texmf-dist/tex/generic/atbegshi/atbegshi.sty
Package: atbegshi 2019/12/05 v1.19 At begin shipout hook (HO)
)
\Hy@abspage=\count186
\c@Item=\count187
\c@Hfootnote=\count188
)
Package hyperref Info: Driver (autodetected): hpdftex.

(/usr/share/texlive/texmf-dist/tex/latex/hyperref/hpdftex.def
File: hpdftex.def 2020/01/14 v7.00d Hyperref driver for pdfTeX

(/usr/share/texlive/texmf-dist/tex/latex/atveryend/atveryend.sty
Package: atveryend 2019-12-11 v1.11 Hooks at the very end of document (HO)
Package atveryend Info: \enddocument detected (standard20110627).
)
\Fld@listcount=\count189
\c@bookmark@seq@number=\count190

(/usr/share/texlive/texmf-dist/tex/latex/rerunfilecheck/rerunfilecheck.sty
Package: rerunfilecheck 2019/12/05 v1.9 Rerun checks for auxiliary files (HO)

(/usr/share/texlive/texmf-dist/tex/generic/uniquecounter/uniquecounter.sty
Package: uniquecounter 2019/12/15 v1.4 Provide unlimited unique counter (HO)
)
Package uniquecounter Info: New unique counter `rerunfilecheck' on input line 2
86.
)
\Hy@SectionHShift=\skip58
)
Package hyperref Info: Option `colorlinks' set `false' on input line 290.

(/usr/share/texlive/texmf-dist/tex/latex/base/makeidx.sty
Package: makeidx 2014/09/29 v1.0m Standard LaTeX package
)
(/usr/share/texlive/texmf-dist/tex/latex/tools/multicol.sty
Package: multicol 2019/12/09 v1.8y multicolumn formatting (FMi)
\c@tracingmulticols=\count191
\mult@box=\box45
\multicol@leftmargin=\dimen140
\c@unbalance=\count192
\c@collectmore=\count193
\doublecol@number=\count194
\multicoltolerance=\count195
\multicolpretolerance=\count196
\full@width=\dimen141
\page@free=\dimen142
\premulticols=\dimen143
\postmulticols=\dimen144
\multicolsep=\skip59
\multicolbaselineskip=\skip60
\partial@page=\box46
\last@line=\box47
\maxbalancingoverflow=\dimen145
\mult@rightbox=\box48
\mult@grightbox=\box49
\mult@gfirstbox=\box50
\mult@firstbox=\box51
\@tempa=\box52
\@tempa=\box53
\@tempa=\box54
\@tempa=\box55
\@tempa=\box56
\@tempa=\box57
\@tempa=\box58
\@tempa=\box59
\@tempa=\box60
\@tempa=\box61
\@tempa=\box62
\@tempa=\box63
\@tempa=\box64
\@tempa=\box65
\@tempa=\box66
\@tempa=\box67
\@tempa=\box68
\@tempa=\box69
\@tempa=\box70
\@tempa=\box71
\@tempa=\box72
\@tempa=\box73
\@tempa=\box74
\@tempa=\box75
\@tempa=\box76
\@tempa=\box77
\@tempa=\box78
\@tempa=\box79
\@tempa=\box80
\@tempa=\box81
\@tempa=\box82
\@tempa=\box83
\@tempa=\box84
\@tempa=\box85
\@tempa=\box86
\@tempa=\box87
\@tempa=\box88
\c@minrows=\count197
\c@columnbadness=\count198
\c@finalcolumnbadness=\count199
\last@try=\dimen146
\multicolovershoot=\dimen147
\multicolundershoot=\dimen148
\mult@nat@firstbox=\box89
\colbreak@box=\box90
\mc@col@check@num=\count266
)
(/usr/share/texlive/texmf-dist/tex/latex/subfig/subfig.sty
Package: subfig 2005/06/28 ver: 1.3 subfig package

(/usr/share/texlive/texmf-dist/tex/latex/caption/caption.sty
Package: caption 2020/01/03 v3.4h Customizing captions (AR)

(/usr/share/texlive/texmf-dist/tex/latex/caption/caption3.sty
Package: caption3 2020/01/03 v1.8h caption3 kernel (AR)
Package caption3 Info: TeX engine: e-TeX on input line 61.
\captionmargin=\dimen149
\captionmargin@=\dimen150
\captionwidth=\dimen151
\caption@tempdima=\dimen152
\caption@indent=\dimen153
\caption@parindent=\dimen154
\caption@hangindent=\dimen155
Package caption Info: Standard document class detected.
)
\c@caption@flags=\count267
\c@continuedfloat=\count268
Package caption Info: hyperref package is loaded.
)
\c@KVtest=\count269
\sf@farskip=\skip61
\sf@captopadj=\dimen156
\sf@capskip=\skip62
\sf@nearskip=\skip63
\c@subfigure=\count270
\c@subfigure@save=\count271
\c@lofdepth=\count272
\c@subtable=\count273
\c@subtable@save=\count274
\c@lotdepth=\count275
\sf@top=\skip64
\sf@bottom=\skip65
)
\sf@box=\box91

(/usr/share/texlive/texmf-dist/tex/latex/listings/listings.sty
\lst@mode=\count276
\lst@gtempboxa=\box92
\lst@token=\toks20
\lst@length=\count277
\lst@currlwidth=\dimen157
\lst@column=\count278
\lst@pos=\count279
\lst@lostspace=\dimen158
\lst@width=\dimen159
\lst@newlines=\count280
\lst@lineno=\count281
\lst@maxwidth=\dimen160

(/usr/share/texlive/texmf-dist/tex/latex/listings/lstmisc.sty
File: lstmisc.sty 2019/09/10 1.8c (Carsten Heinz)
\c@lstnumber=\count282
\lst@skipnumbers=\count283
\lst@framebox=\box93
)
(/usr/share/texlive/texmf-dist/tex/latex/listings/listings.cfg
File: listings.cfg 2019/09/10 1.8c listings configuration
))
Package: listings 2019/09/10 1.8c (Carsten Heinz)

(/usr/share/texlive/texmf-dist/tex/latex/tools/tabularx.sty
Package: tabularx 2020/01/15 v2.11c `tabularx' package (DPC)

(/usr/share/texlive/texmf-dist/tex/latex/tools/array.sty
Package: array 2019/08/31 v2.4l Tabular extension package (FMi)
\col@sep=\dimen161
\ar@mcellbox=\box94
\extrarowheight=\dimen162
\NC@list=\toks21
\extratabsurround=\skip66
\backup@length=\skip67
\ar@cellbox=\box95
)
\TX@col@width=\dimen163
\TX@old@table=\dimen164
\TX@old@col=\dimen165
\TX@target=\dimen166
\TX@delta=\dimen167
\TX@cols=\count284
\TX@ftn=\toks22
)
(/usr/share/texlive/texmf-dist/tex/latex/base/fontenc.sty
Package: fontenc 2020/02/11 v2.0o Standard LaTeX package
)
(/usr/share/texlive/texmf-dist/tex/latex/graphics/epsfig.sty
Package: epsfig 2017/06/25 v1.7b (e)psfig emulation (SPQR)

(/usr/share/texlive/texmf-dist/tex/latex/graphics/graphicx.sty
Package: graphicx 2019/11/30 v1.2a Enhanced LaTeX Graphics (DPC,SPQR)

(/usr/share/texlive/texmf-dist/tex/latex/graphics/graphics.sty
Package: graphics 2019/11/30 v1.4a Standard LaTeX Graphics (DPC,SPQR)

(/usr/share/texlive/texmf-dist/tex/latex/graphics/trig.sty
Package: trig 2016/01/03 v1.10 sin cos tan (DPC)
)
(/usr/share/texlive/texmf-dist/tex/latex/graphics-cfg/graphics.cfg
File: graphics.cfg 2016/06/04 v1.11 sample graphics configuration
)
Package graphics Info: Driver file: pdftex.def on input line 105.

(/usr/share/texlive/texmf-dist/tex/latex/graphics-def/pdftex.def
File: pdftex.def 2018/01/08 v1.0l Graphics/color driver for pdftex
))
\Gin@req@height=\dimen168
\Gin@req@width=\dimen169
)
\epsfxsize=\dimen170
\epsfysize=\dimen171
)
(/usr/share/texlive/texmf-dist/tex/latex/tools/calc.sty
Package: calc 2017/05/25 v4.3 Infix arithmetic (KKT,FJ)
\calc@Acount=\count285
\calc@Bcount=\count286
\calc@Adimen=\dimen172
\calc@Bdimen=\dimen173
\calc@Askip=\skip68
\calc@Bskip=\skip69
LaTeX Info: Redefining \setlength on input line 80.
LaTeX Info: Redefining \addtolength on input line 81.
\calc@Ccount=\count287
\calc@Cskip=\skip70
)
(/usr/share/texlive/texmf-dist/tex/latex/geometry/geometry.sty
Package: geometry 2020/01/02 v5.9 Page Geometry

(/usr/share/texlive/texmf-dist/tex/generic/iftex/ifvtex.sty
Package: ifvtex 2019/10/25 v1.7 ifvtex legacy package. Use iftex instead.
)
\Gm@cnth=\count288
\Gm@cntv=\count289
\c@Gm@tempcnt=\count290
\Gm@bindingoffset=\dimen174
\Gm@wd@mp=\dimen175
\Gm@odd@mp=\dimen176
\Gm@even@mp=\dimen177
\Gm@layoutwidth=\dimen178
\Gm@layoutheight=\dimen179
\Gm@layouthoffset=\dimen180
\Gm@layoutvoffset=\dimen181
\Gm@dimlist=\toks23
)
(/usr/share/texlive/texmf-dist/tex/latex/titlesec/titlesec.sty
Package: titlesec 2019/10/16 v2.13 Sectioning titles
\ttl@box=\box96
\beforetitleunit=\skip71
\aftertitleunit=\skip72
\ttl@plus=\dimen182
\ttl@minus=\dimen183
\ttl@toksa=\toks24
\titlewidth=\dimen184
\titlewidthlast=\dimen185
\titlewidthfirst=\dimen186
)
(/usr/share/texlive/texmf-dist/tex/latex/csquotes/csquotes.sty
Package: csquotes 2019-12-06 v5.2j context-sensitive quotations (JAW)

(/usr/share/texlive/texmf-dist/tex/latex/etoolbox/etoolbox.sty
Package: etoolbox 2019/09/21 v2.5h e-TeX tools for LaTeX (JAW)
\etb@tempcnta=\count291
)
\csq@reset=\count292
\csq@gtype=\count293
\csq@glevel=\count294
\csq@qlevel=\count295
\csq@maxlvl=\count296
\csq@tshold=\count297
\csq@ltx@everypar=\toks25

(/usr/share/texlive/texmf-dist/tex/latex/csquotes/csquotes.def
File: csquotes.def 2019-12-06 v5.2j csquotes generic definitions (JAW)
)
Package csquotes Info: Trying to load configuration file 'csquotes.cfg'...
Package csquotes Info: ... configuration file loaded successfully.

(/usr/share/texlive/texmf-dist/tex/latex/csquotes/csquotes.cfg
File: csquotes.cfg 
))
(/usr/share/texlive/texmf-dist/tex/latex/pdfpages/pdfpages.sty
Package: pdfpages 2020/01/28 v0.5q Insert pages of external PDF documents (AM)

(/usr/share/texlive/texmf-dist/tex/latex/base/ifthen.sty
Package: ifthen 2014/09/29 v1.1c Standard LaTeX ifthen package (DPC)
)
(/usr/share/texlive/texmf-dist/tex/latex/eso-pic/eso-pic.sty
Package: eso-pic 2018/04/12 v2.0h eso-pic (RN)

(/usr/share/texlive/texmf-dist/tex/latex/xcolor/xcolor.sty
Package: xcolor 2016/05/11 v2.12 LaTeX color extensions (UK)

(/usr/share/texlive/texmf-dist/tex/latex/graphics-cfg/color.cfg
File: color.cfg 2016/01/02 v1.6 sample color configuration
)
Package xcolor Info: Driver file: pdftex.def on input line 225.
Package xcolor Info: Model `cmy' substituted by `cmy0' on input line 1348.
Package xcolor Info: Model `hsb' substituted by `rgb' on input line 1352.
Package xcolor Info: Model `RGB' extended on input line 1364.
Package xcolor Info: Model `HTML' substituted by `rgb' on input line 1366.
Package xcolor Info: Model `Hsb' substituted by `hsb' on input line 1367.
Package xcolor Info: Model `tHsb' substituted by `hsb' on input line 1368.
Package xcolor Info: Model `HSB' substituted by `hsb' on input line 1369.
Package xcolor Info: Model `Gray' substituted by `gray' on input line 1370.
Package xcolor Info: Model `wave' substituted by `hsb' on input line 1371.
))
\AM@pagewidth=\dimen187
\AM@pageheight=\dimen188

(/usr/share/texlive/texmf-dist/tex/latex/pdfpages/pppdftex.def
File: pppdftex.def 2020/01/28 v0.5q Pdfpages driver for pdfTeX (AM)
)
\AM@pagebox=\box97
\AM@global@opts=\toks26
\AM@pagecnt=\count298
\AM@toc@title=\toks27
\c@AM@survey=\count299
\AM@templatesizebox=\box98
)
(/usr/share/texlive/texmf-dist/tex/latex/lipsum/lipsum.sty
(/usr/share/texlive/texmf-dist/tex/latex/l3kernel/expl3.sty
Package: expl3 2020-02-14 L3 programming layer (loader) 

(/usr/share/texlive/texmf-dist/tex/latex/l3backend/l3backend-pdfmode.def
File: l3backend-pdfmode.def 2020-02-03 L3 backend support: PDF mode
\l__kernel_color_stack_int=\count300
\l__pdf_internal_box=\box99
))
(/usr/share/texlive/texmf-dist/tex/latex/l3packages/xparse/xparse.sty
Package: xparse 2020-02-14 L3 Experimental document command parser
\l__xparse_current_arg_int=\count301
\g__xparse_grabber_int=\count302
\l__xparse_m_args_int=\count303
\l__xparse_v_nesting_int=\count304
)
Package: lipsum 2019/01/02 v2.2 150 paragraphs of Lorem Ipsum dummy text

(/usr/share/texlive/texmf-dist/tex/latex/lipsum/lipsum.ltd.tex
File: lipsum.ltd.tex 2019/01/02 v2.2 The Lorem ipsum dummy text
)))
\@input{TeXiS/TeXiS_cab.aux}
\openout2 = `TeXiS/TeXiS_cab.aux'.

(./TeXiS/TeXiS_cab.tex
(/usr/share/texlive/texmf-dist/tex/latex/fancyhdr/fancyhdr.sty
Package: fancyhdr 2019/01/31 v3.10 Extensive control of page headers and footer
s
\f@nch@headwidth=\skip73
\f@nch@O@elh=\skip74
\f@nch@O@erh=\skip75
\f@nch@O@olh=\skip76
\f@nch@O@orh=\skip77
\f@nch@O@elf=\skip78
\f@nch@O@erf=\skip79
\f@nch@O@olf=\skip80
\f@nch@O@orf=\skip81
))
\@input{TeXiS/TeXiS_cover.aux}
\openout2 = `TeXiS/TeXiS_cover.aux'.

(./TeXiS/TeXiS_cover.tex)
\@input{TeXiS/TeXiS_dedic.aux}
\openout2 = `TeXiS/TeXiS_dedic.aux'.

(./TeXiS/TeXiS_dedic.tex)
\@input{TeXiS/TeXiS_bib.aux}
\openout2 = `TeXiS/TeXiS_bib.aux'.

(./TeXiS/TeXiS_bib.tex))
\@input{constantes.aux}
\openout2 = `constantes.aux'.

(./constantes.tex)
Package csquotes Info: Checking for multilingual support...
Package csquotes Info: ... found 'babel' package.
Package csquotes Info: Adjusting default style.
Package csquotes Info: Redefining alias 'default' -> 'spanish'.
 (./TFGTeXiS.aux (./Cascaras/cover.aux)
LaTeX Info: Redefining \. on input line 26.
LaTeX Info: Redefining \% on input line 26.

(./Cascaras/dedicatoria.aux) (./Cascaras/agradecimientos.aux)
(./Cascaras/resumen.aux) (./Cascaras/abstract.aux)
LaTeX Info: Redefining \. on input line 32.
LaTeX Info: Redefining \% on input line 32.

(./Capitulos/Introduccion.aux) (./Capitulos/EstadoDeLaCuestion.aux)
(./Capitulos/DescripcionTrabajo.aux) (./Capitulos/ConclusionesTrabajoFuturo.aux
) (./Capitulos/Introduction.aux) (./Capitulos/ConclusionsFutureWork.aux)
(./Cascaras/bibliografia.aux)
LaTeX Info: Redefining \. on input line 41.
LaTeX Info: Redefining \% on input line 41.
 (./Apendices/appendixA.aux)
(./Apendices/appendixB.aux) (./Cascaras/fin.aux))
\openout1 = `TFGTeXiS.aux'.

LaTeX Font Info:    Checking defaults for OML/cmm/m/it on input line 107.
LaTeX Font Info:    ... okay on input line 107.
LaTeX Font Info:    Checking defaults for OMS/cmsy/m/n on input line 107.
LaTeX Font Info:    ... okay on input line 107.
LaTeX Font Info:    Checking defaults for OT1/cmr/m/n on input line 107.
LaTeX Font Info:    ... okay on input line 107.
LaTeX Font Info:    Checking defaults for T1/cmr/m/n on input line 107.
LaTeX Font Info:    ... okay on input line 107.
LaTeX Font Info:    Checking defaults for TS1/cmr/m/n on input line 107.
LaTeX Font Info:    ... okay on input line 107.
LaTeX Font Info:    Checking defaults for OMX/cmex/m/n on input line 107.
LaTeX Font Info:    ... okay on input line 107.
LaTeX Font Info:    Checking defaults for U/cmr/m/n on input line 107.
LaTeX Font Info:    ... okay on input line 107.
LaTeX Font Info:    Checking defaults for PD1/pdf/m/n on input line 107.
LaTeX Font Info:    ... okay on input line 107.
LaTeX Info: Redefining \. on input line 107.
LaTeX Info: Redefining \% on input line 107.
\AtBeginShipoutBox=\box100
Package hyperref Info: Link coloring OFF on input line 107.

(/usr/share/texlive/texmf-dist/tex/latex/hyperref/nameref.sty
Package: nameref 2019/09/16 v2.46 Cross-referencing by name of section

(/usr/share/texlive/texmf-dist/tex/latex/refcount/refcount.sty
Package: refcount 2019/12/15 v3.6 Data extraction from label references (HO)
)
(/usr/share/texlive/texmf-dist/tex/generic/gettitlestring/gettitlestring.sty
Package: gettitlestring 2019/12/15 v1.6 Cleanup title references (HO)
)
\c@section@level=\count305
)
LaTeX Info: Redefining \ref on input line 107.
LaTeX Info: Redefining \pageref on input line 107.
LaTeX Info: Redefining \nameref on input line 107.

(./TFGTeXiS.out) (./TFGTeXiS.out)
\@outlinefile=\write4
\openout4 = `TFGTeXiS.out'.

Package caption Info: Begin \AtBeginDocument code.
Package caption Info: subfig package v1.3 is loaded.
Package caption Info: listings package is loaded.
Package caption Info: End \AtBeginDocument code.
\c@lstlisting=\count306

(/usr/share/texlive/texmf-dist/tex/context/base/mkii/supp-pdf.mkii
[Loading MPS to PDF converter (version 2006.09.02).]
\scratchcounter=\count307
\scratchdimen=\dimen189
\scratchbox=\box101
\nofMPsegments=\count308
\nofMParguments=\count309
\everyMPshowfont=\toks28
\MPscratchCnt=\count310
\MPscratchDim=\dimen190
\MPnumerator=\count311
\makeMPintoPDFobject=\count312
\everyMPtoPDFconversion=\toks29
) (/usr/share/texlive/texmf-dist/tex/latex/epstopdf-pkg/epstopdf-base.sty
Package: epstopdf-base 2020-01-24 v2.11 Base part for package epstopdf
Package epstopdf-base Info: Redefining graphics rule for `.eps' on input line 4
85.

(/usr/share/texlive/texmf-dist/tex/latex/latexconfig/epstopdf-sys.cfg
File: epstopdf-sys.cfg 2010/07/13 v1.3 Configuration of (r)epstopdf for TeX Liv
e
))
*geometry* driver: auto-detecting
*geometry* detected driver: pdftex
*geometry* verbose mode - [ preamble ] result:
* driver: pdftex
* paper: a4paper
* layout: <same size as paper>
* layoutoffset:(h,v)=(0.0pt,0.0pt)
* modes: twoside 
* h-part:(L,W,R)=(85.35826pt, 426.79135pt, 85.35826pt)
* v-part:(T,H,B)=(85.35826pt, 674.33032pt, 85.35826pt)
* \paperwidth=597.50787pt
* \paperheight=845.04684pt
* \textwidth=426.79135pt
* \textheight=674.33032pt
* \oddsidemargin=13.08827pt
* \evensidemargin=13.08827pt
* \topmargin=-18.78552pt
* \headheight=14.0pt
* \headsep=19.8738pt
* \topskip=12.0pt
* \footskip=30.0pt
* \marginparwidth=88.0pt
* \marginparsep=7.0pt
* \columnsep=10.0pt
* \skip\footins=10.8pt plus 4.0pt minus 2.0pt
* \hoffset=0.0pt
* \voffset=0.0pt
* \mag=1000
* \@twocolumnfalse
* \@twosidetrue
* \@mparswitchtrue
* \@reversemarginfalse
* (1in=72.27pt=25.4mm, 1cm=28.453pt)

(/usr/share/texlive/texmf-dist/tex/latex/pdflscape/pdflscape.sty
Package: pdflscape 2019/12/05 v0.12 Display of landscape pages in PDF (HO)

(/usr/share/texlive/texmf-dist/tex/latex/graphics/lscape.sty
Package: lscape 2000/10/22 v3.01 Landscape Pages (DPC)
)
Package pdflscape Info: Auto-detected driver: pdftex on input line 81.
) (./guionado.tex)
\openout2 = `Cascaras/cover.aux'.

(./Cascaras/cover.tex
\cambioIzquierdo=\skip82
\cambioDerecho=\skip83
\margenPortada=\skip84
\evensidemarginOriginal=\skip85
\oddsidemarginOriginal=\skip86
\longTitulo=\skip87
<Imagenes/Bitmap/escudoUCMcolor.png, id=124, 600.3228pt x 678.3744pt>
File: Imagenes/Bitmap/escudoUCMcolor.png Graphic file (type png)
<use Imagenes/Bitmap/escudoUCMcolor.png>
Package pdftex.def Info: Imagenes/Bitmap/escudoUCMcolor.png  used on input line
 177.
(pdftex.def)             Requested size: 120.06242pt x 135.67247pt.
\c@lastyear=\count313
 [1

















{/var/lib/texmf/fonts/map/pdftex/updmap/pdftex.map} <./Imagenes/Bitmap/escudoUC
Mcolor.png>] [2] [3])
\openout2 = `Cascaras/dedicatoria.aux'.

 (./Cascaras/dedicatoria.tex
[4



]
LaTeX Font Info:    External font `cmex10' loaded for size
(Font)              <12> on input line 11.
LaTeX Font Info:    External font `cmex10' loaded for size
(Font)              <8> on input line 11.
LaTeX Font Info:    External font `cmex10' loaded for size
(Font)              <6> on input line 11.
) [5]
\openout2 = `Cascaras/agradecimientos.aux'.

 (./Cascaras/agradecimientos.tex [6



]) [7]
\openout2 = `Cascaras/resumen.aux'.

 (./Cascaras/resumen.tex
[8



]) [9]
\openout2 = `Cascaras/abstract.aux'.

 (./Cascaras/abstract.tex [10



]
Overfull \hbox (7.26031pt too wide) in paragraph at lines 3--3
|\T1/cmr/bx/n/17.28 Creation of tools to de-velop games with non-Euclidean
 []

) [11]
LaTeX Info: Redefining \. on input line 124.
LaTeX Info: Redefining \% on input line 124.
 [12


]
\openout2 = `Capitulos/Introduccion.aux'.

 (./Capitulos/Introduccion.tex
Cap\'itulo 1.
LaTeX Font Info:    Trying to load font information for OT1+phv on input line 1
.
(/usr/share/texlive/texmf-dist/tex/latex/psnfss/ot1phv.fd
File: ot1phv.fd 2001/06/04 scalable font definitions for OT1/phv.
)
LaTeX Font Info:    Trying to load font information for OT1+ptm on input line 1
.

(/usr/share/texlive/texmf-dist/tex/latex/psnfss/ot1ptm.fd
File: ot1ptm.fd 2001/06/04 font definitions for OT1/ptm.
) [1


]
LaTeX Font Info:    External font `cmex10' loaded for size
(Font)              <10.95> on input line 23.

Overfull \hbox (11.83209pt too wide) in paragraph at lines 23--24
|   []
 []


Underfull \hbox (badness 10000) in paragraph at lines 23--24

 []


Underfull \vbox (badness 2376) has occurred while \output is active []

LaTeX Info: Redefining \. on input line 41.
LaTeX Info: Redefining \% on input line 41.


Package Fancyhdr Warning: \headheight is too small (14.0pt): 
Make it at least 14.49998pt.
We now make it that large for the rest of the document.
This may cause the page layout to be inconsistent, however.

[2]
<Imagenes/Bitmap/Introduccion/Penrose.png, id=236, 200.75pt x 174.6525pt>
File: Imagenes/Bitmap/Introduccion/Penrose.png Graphic file (type png)
<use Imagenes/Bitmap/Introduccion/Penrose.png>
Package pdftex.def Info: Imagenes/Bitmap/Introduccion/Penrose.png  used on inpu
t line 43.
(pdftex.def)             Requested size: 106.69783pt x 92.82921pt.
<Imagenes/Bitmap/Introduccion/relativity.jpeg, id=237, 156.1032pt x 148.3944pt>

File: Imagenes/Bitmap/Introduccion/relativity.jpeg Graphic file (type jpg)
<use Imagenes/Bitmap/Introduccion/relativity.jpeg>
Package pdftex.def Info: Imagenes/Bitmap/Introduccion/relativity.jpeg  used on 
input line 45.
(pdftex.def)             Requested size: 213.39568pt x 202.86887pt.
LaTeX Info: Redefining \. on input line 51.
LaTeX Info: Redefining \% on input line 51.
 [3 <./Imagenes/Bitmap/Introduccion/Penrose.png> <./Imagenes/Bitmap/Introduccio
n/relativity.jpeg>])
LaTeX Info: Redefining \. on input line 139.
LaTeX Info: Redefining \% on input line 139.
 [4]
LaTeX Info: Redefining \. on input line 139.
LaTeX Info: Redefining \% on input line 139.
 [5]
\openout2 = `Capitulos/EstadoDeLaCuestion.aux'.

 (./Capitulos/EstadoDeLaCuestion.tex [6



]
Cap\'itulo 2.

Overfull \hbox (11.83209pt too wide) in paragraph at lines 14--15
|   []
 []


Underfull \hbox (badness 10000) in paragraph at lines 14--15

 []

[7]
<Imagenes/Bitmap/EstadoDeLaCuestion/portal.jpeg, id=279, 803.0pt x 602.25pt>
File: Imagenes/Bitmap/EstadoDeLaCuestion/portal.jpeg Graphic file (type jpg)
<use Imagenes/Bitmap/EstadoDeLaCuestion/portal.jpeg>
Package pdftex.def Info: Imagenes/Bitmap/EstadoDeLaCuestion/portal.jpeg  used o
n input line 37.
(pdftex.def)             Requested size: 213.39568pt x 160.04578pt.
<Imagenes/Bitmap/EstadoDeLaCuestion/antichamber.jpeg, id=281, 1174.3875pt x 749
.80125pt>
File: Imagenes/Bitmap/EstadoDeLaCuestion/antichamber.jpeg Graphic file (type jp
g)
<use Imagenes/Bitmap/EstadoDeLaCuestion/antichamber.jpeg>
Package pdftex.def Info: Imagenes/Bitmap/EstadoDeLaCuestion/antichamber.jpeg  u
sed on input line 44.
(pdftex.def)             Requested size: 213.39568pt x 136.23979pt.
LaTeX Info: Redefining \. on input line 44.
LaTeX Info: Redefining \% on input line 44.
 [8 <./Imagenes/Bitmap/EstadoDeLaCuestion/portal.jpeg>]
<Imagenes/Bitmap/EstadoDeLaCuestion/pisa.jpg, id=292, 2072.74374pt x 2763.32375
pt>
File: Imagenes/Bitmap/EstadoDeLaCuestion/pisa.jpg Graphic file (type jpg)
<use Imagenes/Bitmap/EstadoDeLaCuestion/pisa.jpg>
Package pdftex.def Info: Imagenes/Bitmap/EstadoDeLaCuestion/pisa.jpg  used on i
nput line 53.
(pdftex.def)             Requested size: 213.39568pt x 284.48639pt.
<Imagenes/Bitmap/EstadoDeLaCuestion/perspective.jpeg, id=293, 1027.84pt x 578.1
6pt>
File: Imagenes/Bitmap/EstadoDeLaCuestion/perspective.jpeg Graphic file (type jp
g)
<use Imagenes/Bitmap/EstadoDeLaCuestion/perspective.jpeg>
Package pdftex.def Info: Imagenes/Bitmap/EstadoDeLaCuestion/perspective.jpeg  u
sed on input line 55.
(pdftex.def)             Requested size: 213.39568pt x 120.03212pt.

Overfull \hbox (11.83209pt too wide) in paragraph at lines 60--61
|   []
 []


Underfull \hbox (badness 10000) in paragraph at lines 60--61

 []

LaTeX Info: Redefining \. on input line 63.
LaTeX Info: Redefining \% on input line 63.
[9 <./Imagenes/Bitmap/EstadoDeLaCuestion/antichamber.jpeg>]
<Imagenes/Bitmap/EstadoDeLaCuestion/peon.png, id=305, 594.22pt x 491.8375pt>
File: Imagenes/Bitmap/EstadoDeLaCuestion/peon.png Graphic file (type png)
<use Imagenes/Bitmap/EstadoDeLaCuestion/peon.png>
Package pdftex.def Info: Imagenes/Bitmap/EstadoDeLaCuestion/peon.png  used on i
nput line 64.
(pdftex.def)             Requested size: 128.0387pt x 105.97565pt.
<Imagenes/Bitmap/EstadoDeLaCuestion/decal.png, id=306, 1369.115pt x 769.87625pt
>
File: Imagenes/Bitmap/EstadoDeLaCuestion/decal.png Graphic file (type png)
<use Imagenes/Bitmap/EstadoDeLaCuestion/decal.png>
Package pdftex.def Info: Imagenes/Bitmap/EstadoDeLaCuestion/decal.png  used on 
input line 66.
(pdftex.def)             Requested size: 213.39568pt x 119.98743pt.
<Imagenes/Bitmap/EstadoDeLaCuestion/viewfinder.png, id=308, 1845.89626pt x 864.
22874pt>
File: Imagenes/Bitmap/EstadoDeLaCuestion/viewfinder.png Graphic file (type png)

<use Imagenes/Bitmap/EstadoDeLaCuestion/viewfinder.png>
Package pdftex.def Info: Imagenes/Bitmap/EstadoDeLaCuestion/viewfinder.png  use
d on input line 71.
(pdftex.def)             Requested size: 320.0935pt x 149.85765pt.
LaTeX Info: Redefining \. on input line 80.
LaTeX Info: Redefining \% on input line 80.
 [10 <./Imagenes/Bitmap/EstadoDeLaCuestion/pisa.jpg>])
Overfull \hbox (11.83209pt too wide) in paragraph at lines 84--140
|   []
 []


Underfull \hbox (badness 10000) in paragraph at lines 84--140

 []

LaTeX Info: Redefining \. on input line 140.
LaTeX Info: Redefining \% on input line 140.
[11 <./Imagenes/Bitmap/EstadoDeLaCuestion/perspective.jpeg> <./Imagenes/Bitmap/
EstadoDeLaCuestion/peon.png>]
LaTeX Info: Redefining \. on input line 140.
LaTeX Info: Redefining \% on input line 140.
 [12 <./Imagenes/Bitmap/EstadoDeLaCuestion/decal.png> <./Imagenes/Bitmap/Estado
DeLaCuestion/viewfinder.png>]
\openout2 = `Capitulos/DescripcionTrabajo.aux'.


(./Capitulos/DescripcionTrabajo.tex
Cap\'itulo 3.
<Imagenes/Vectorial/Todo.pdf, id=328, 408.52625pt x 256.96pt>
File: Imagenes/Vectorial/Todo.pdf Graphic file (type pdf)
<use Imagenes/Vectorial/Todo.pdf>
Package pdftex.def Info: Imagenes/Vectorial/Todo.pdf  used on input line 8.
(pdftex.def)             Requested size: 213.39568pt x 134.22377pt.
) [13



 <./Imagenes/Vectorial/Todo.pdf>]
\openout2 = `Capitulos/ConclusionesTrabajoFuturo.aux'.


(./Capitulos/ConclusionesTrabajoFuturo.tex [14



]
Cap\'itulo 4.
) [15]
\openout2 = `Capitulos/Introduction.aux'.

 (./Capitulos/Introduction.tex [16



]) [17]
\openout2 = `Capitulos/ConclusionsFutureWork.aux'.


(./Capitulos/ConclusionsFutureWork.tex [18



]) [19]
LaTeX Info: Redefining \. on input line 150.
LaTeX Info: Redefining \% on input line 150.
\openout2 = `Cascaras/bibliografia.aux'.

 (./Cascaras/bibliografia.tex
(./TFGTeXiS.bbl [20



])) [21]
\openout2 = `Apendices/appendixA.aux'.

 (./Apendices/appendixA.tex [22



]
Ap\'{e}ndice A.
) [23]
\openout2 = `Apendices/appendixB.aux'.

 (./Apendices/appendixB.tex [24



]
Ap\'{e}ndice B.
) [25] [26


]
\openout2 = `Cascaras/fin.aux'.

 (./Cascaras/fin.tex [27

] [28])
Package atveryend Info: Empty hook `BeforeClearDocument' on input line 208.
Package atveryend Info: Empty hook `AfterLastShipout' on input line 208.
 (./TFGTeXiS.aux
(./Cascaras/cover.aux)
LaTeX Info: Redefining \. on input line 26.
LaTeX Info: Redefining \% on input line 26.
 (./Cascaras/dedicatoria.aux)
(./Cascaras/agradecimientos.aux) (./Cascaras/resumen.aux)
(./Cascaras/abstract.aux)
LaTeX Info: Redefining \. on input line 32.
LaTeX Info: Redefining \% on input line 32.
 (./Capitulos/Introduccion.aux)
(./Capitulos/EstadoDeLaCuestion.aux) (./Capitulos/DescripcionTrabajo.aux)
(./Capitulos/ConclusionesTrabajoFuturo.aux) (./Capitulos/Introduction.aux)
(./Capitulos/ConclusionsFutureWork.aux) (./Cascaras/bibliografia.aux)
LaTeX Info: Redefining \. on input line 41.
LaTeX Info: Redefining \% on input line 41.

(./Apendices/appendixA.aux) (./Apendices/appendixB.aux) (./Cascaras/fin.aux))
Package atveryend Info: Executing hook `AtVeryEndDocument' on input line 208.
Package atveryend Info: Executing hook `AtEndAfterFileList' on input line 208.
Package rerunfilecheck Info: File `TFGTeXiS.out' has not changed.
(rerunfilecheck)             Checksum: 81450D3BBC4C0C562847FD84E391D3DB;1945.
Package atveryend Info: Empty hook `AtVeryVeryEnd' on input line 208.
 ) 
Here is how much of TeX's memory you used:
 14176 strings out of 481239
 221180 string characters out of 5920377
 686110 words of memory out of 5000000
 28705 multiletter control sequences out of 15000+600000
 551162 words of font info for 56 fonts, out of 8000000 for 9000
 1379 hyphenation exceptions out of 8191
 63i,11n,56p,966b,597s stack positions out of 5000i,500n,10000p,200000b,80000s
{/usr/share/texmf/fonts/enc/dvips/cm-super/cm-super-t1.enc}{/usr/share/texliv
e/texmf-dist/fonts/enc/dvips/base/8r.enc}</usr/share/texlive/texmf-dist/fonts/t
ype1/public/amsfonts/cm/cmsy10.pfb></usr/share/texmf/fonts/type1/public/cm-supe
r/sfbx1200.pfb></usr/share/texmf/fonts/type1/public/cm-super/sfbx1440.pfb></usr
/share/texmf/fonts/type1/public/cm-super/sfbx1728.pfb></usr/share/texmf/fonts/t
ype1/public/cm-super/sfcc1095.pfb></usr/share/texmf/fonts/type1/public/cm-super
/sfcc1200.pfb></usr/share/texmf/fonts/type1/public/cm-super/sfrm1095.pfb></usr/
share/texmf/fonts/type1/public/cm-super/sfrm1200.pfb></usr/share/texmf/fonts/ty
pe1/public/cm-super/sfrm2488.pfb></usr/share/texmf/fonts/type1/public/cm-super/
sfti1095.pfb></usr/share/texmf/fonts/type1/public/cm-super/sfti1200.pfb></usr/s
hare/texmf/fonts/type1/public/cm-super/sfti1440.pfb></usr/share/texmf/fonts/typ
e1/public/cm-super/sfxc1095.pfb></usr/share/texlive/texmf-dist/fonts/type1/urw/
helvetic/uhvr8a.pfb></usr/share/texlive/texmf-dist/fonts/type1/urw/times/utmr8a
.pfb>
Output written on TFGTeXiS.pdf (40 pages, 6962225 bytes).
PDF statistics:
 484 PDF objects out of 1000 (max. 8388607)
 406 compressed objects within 5 object streams
 100 named destinations out of 1000 (max. 500000)
 296 words of extra memory for PDF output out of 10000 (max. 10000000)

