\BOOKMARK [0][-]{titulo.0}{\376\377\000P\000\341\000g\000i\000n\000a\000\040\000d\000e\000\040\000T\000\355\000t\000u\000l\000o}{}% 1
\BOOKMARK [0][-]{chapter.5}{\376\377\000I\000n\000t\000r\000o\000d\000u\000c\000c\000i\000\363\000n}{}% 2
\BOOKMARK [1][-]{section.6}{\376\377\000M\000o\000t\000i\000v\000a\000c\000i\000\363\000n}{chapter.5}% 3
\BOOKMARK [1][-]{section.7}{\376\377\000A\000p\000r\000o\000x\000i\000m\000a\000c\000i\000o\000n\000e\000s\000\040\000a\000l\000\040\000p\000r\000o\000b\000l\000e\000m\000a}{chapter.5}% 4
\BOOKMARK [2][-]{subsection.8}{\376\377\000G\000e\000o\000m\000e\000t\000r\000\355\000a\000s\000\040\000e\000u\000c\000l\000i\000d\000i\000a\000n\000a\000s\000\040\000y\000\040\000n\000o\000\040\000e\000u\000c\000l\000i\000d\000i\000a\000n\000a\000s}{section.7}% 5
\BOOKMARK [2][-]{subsection.9}{\376\377\000J\000u\000e\000g\000o\000s\000\040\000i\000m\000p\000l\000e\000m\000e\000n\000t\000a\000d\000o\000s\000\040\000s\000o\000b\000r\000e\000\040\000f\000\355\000s\000i\000c\000a\000s\000\040\000n\000o\000\040\000e\000u\000c\000l\000i\000d\000i\000a\000n\000a\000s}{section.7}% 6
\BOOKMARK [2][-]{subsection.10}{\376\377\000J\000u\000e\000g\000o\000s\000\040\000c\000o\000n\000\040\000e\000l\000e\000m\000e\000n\000t\000o\000s\000\040\000i\000m\000p\000o\000s\000i\000b\000l\000e\000s}{section.7}% 7
\BOOKMARK [1][-]{section.13}{\376\377\000O\000b\000j\000e\000t\000i\000v\000o\000s}{chapter.5}% 8
\BOOKMARK [1][-]{section.14}{\376\377\000P\000l\000a\000n\000\040\000d\000e\000\040\000t\000r\000a\000b\000a\000j\000o}{chapter.5}% 9
\BOOKMARK [2][-]{subsection.15}{\376\377\000D\000o\000c\000u\000m\000e\000n\000t\000a\000c\000i\000\363\000n\000\040\000y\000\040\000p\000r\000e\000p\000a\000r\000a\000c\000i\000\363\000n}{section.14}% 10
\BOOKMARK [2][-]{subsection.16}{\376\377\000I\000m\000p\000l\000e\000m\000e\000n\000t\000a\000c\000i\000\363\000n\000\040\000d\000e\000\040\000l\000a\000s\000\040\000h\000e\000r\000r\000a\000m\000i\000e\000n\000t\000a\000s}{section.14}% 11
\BOOKMARK [2][-]{subsection.17}{\376\377\000D\000o\000c\000u\000m\000e\000n\000t\000a\000r\000\040\000l\000a\000s\000\040\000h\000e\000r\000r\000a\000m\000i\000e\000n\000t\000a\000s}{section.14}% 12
\BOOKMARK [2][-]{subsection.18}{\376\377\000C\000r\000e\000a\000c\000i\000\363\000n\000\040\000d\000e\000\040\000l\000a\000\040\000l\000i\000b\000r\000e\000r\000\355\000a}{section.14}% 13
\BOOKMARK [2][-]{subsection.19}{\376\377\000D\000e\000m\000o}{section.14}% 14
\BOOKMARK [2][-]{subsection.20}{\376\377\000C\000o\000n\000c\000l\000u\000s\000i\000o\000n\000e\000s}{section.14}% 15
\BOOKMARK [0][-]{chapter.21}{\376\377\000E\000s\000t\000a\000d\000o\000\040\000d\000e\000\040\000l\000a\000\040\000C\000u\000e\000s\000t\000i\000\363\000n}{}% 16
\BOOKMARK [1][-]{section.22}{\376\377\000M\000e\000c\000\341\000n\000i\000c\000a\000s}{chapter.21}% 17
\BOOKMARK [2][-]{subsection.23}{\376\377\000P\000o\000r\000t\000a\000l\000e\000s}{section.22}% 18
\BOOKMARK [2][-]{subsection.26}{\376\377\000P\000e\000r\000s\000p\000e\000c\000t\000i\000v\000a\000\040\000f\000o\000r\000z\000a\000d\000a}{section.22}% 19
\BOOKMARK [2][-]{subsection.29}{\376\377\000D\000e\000c\000a\000l}{section.22}% 20
\BOOKMARK [2][-]{subsection.32}{\376\377\000C\000a\000p\000t\000u\000r\000a\000s\000\040\000d\000e\000\040\000o\000b\000j\000e\000t\000o\000s}{section.22}% 21
\BOOKMARK [1][-]{section.34}{\376\377\000O\000b\000j\000e\000t\000i\000v\000o\000s}{chapter.21}% 22
\BOOKMARK [0][-]{chapter.35}{\376\377\000D\000e\000s\000c\000r\000i\000p\000c\000i\000\363\000n\000\040\000d\000e\000l\000\040\000T\000r\000a\000b\000a\000j\000o}{}% 23
\BOOKMARK [0][-]{chapter.38}{\376\377\000C\000o\000n\000c\000l\000u\000s\000i\000o\000n\000e\000s\000\040\000y\000\040\000T\000r\000a\000b\000a\000j\000o\000\040\000F\000u\000t\000u\000r\000o}{}% 24
\BOOKMARK [0][-]{chapter*.39}{\376\377\000I\000n\000t\000r\000o\000d\000u\000c\000t\000i\000o\000n}{}% 25
\BOOKMARK [0][-]{chapter*.40}{\376\377\000C\000o\000n\000c\000l\000u\000s\000i\000o\000n\000s\000\040\000a\000n\000d\000\040\000F\000u\000t\000u\000r\000e\000\040\000W\000o\000r\000k}{}% 26
\BOOKMARK [0][-]{chapter*.41}{\376\377\000B\000i\000b\000l\000i\000o\000g\000r\000a\000f\000\355\000a}{}% 27
\BOOKMARK [0][-]{appendix.42}{\376\377\000T\000\355\000t\000u\000l\000o\000\040\000d\000e\000l\000\040\000A\000p\000\351\000n\000d\000i\000c\000e\000\040\000A}{}% 28
\BOOKMARK [0][-]{appendix.43}{\376\377\000T\000\355\000t\000u\000l\000o\000\040\000d\000e\000l\000\040\000A\000p\000\351\000n\000d\000i\000c\000e\000\040\000B}{}% 29
\BOOKMARK [0][-]{fin.0}{\376\377\000F\000i\000n}{}% 30
